<?xml version="1.0" encoding="UTF-8"?>
<!-- Generated by org.testng.reporters.JUnitXMLReporter -->
<testsuite ignored="2" hostname="BRR" failures="0" tests="1" name="Default test" time="9.283" errors="0" timestamp="06 Jun 2023 17:26:52 GMT">
  <testcase classname="com.tutorialninja.endtoend.Logout" name="VerifyLogoutOptionWithoutLoggingIn" time="0.294"/>
  <testcase classname="com.tutorialninja.endtoend.Logout" name="LogoutFromMyAccountDropDown" time="0.0">
    <ignored/>
  </testcase> <!-- LogoutFromMyAccountDropDown -->
  <testcase classname="com.tutorialninja.endtoend.Logout" name="LogoutUsingRightbottomCornerOption" time="0.0">
    <ignored/>
  </testcase> <!-- LogoutUsingRightbottomCornerOption -->
</testsuite> <!-- Default test -->
